# Logfile created on 2013-12-25 13:27:00 -0800 by logger.rb/41954
I, [2013-12-25T13:27:00.239588 #1965]  INFO -- : 0:  rake (10.1.1) from /Users/kristian/.gem/ruby/2.0.0/specifications/rake-10.1.1.gemspec
I, [2013-12-25T13:27:00.240038 #1965]  INFO -- : 0:  bundler (1.5.0.rc.2) from /Users/kristian/.gem/ruby/2.0.0/specifications/bundler-1.5.0.rc.2.gemspec
I, [2013-12-25T13:27:01.078345 #1965]  INFO -- : 0:  methadone (1.3.1) from /Users/kristian/.gem/ruby/2.0.0/specifications/methadone-1.3.1.gemspec
I, [2013-12-25T13:27:02.012583 #1965]  INFO -- : 0:  ProMotion (1.1.1) from /Users/kristian/.gem/ruby/2.0.0/specifications/ProMotion-1.1.1.gemspec
I, [2013-12-25T13:31:53.633379 #2664]  INFO -- : 0:  rake (10.1.1) from /Users/kristian/.gem/ruby/2.0.0/specifications/rake-10.1.1.gemspec
I, [2013-12-25T13:31:53.633658 #2664]  INFO -- : 0:  bundler (1.5.0.rc.2) from /Users/kristian/.gem/ruby/2.0.0/specifications/bundler-1.5.0.rc.2.gemspec
I, [2013-12-25T13:31:53.633854 #2664]  INFO -- : 0:  methadone (1.3.1) from /Users/kristian/.gem/ruby/2.0.0/specifications/methadone-1.3.1.gemspec
I, [2013-12-25T13:31:53.634041 #2664]  INFO -- : 0:  ProMotion (1.1.1) from /Users/kristian/.gem/ruby/2.0.0/specifications/ProMotion-1.1.1.gemspec
I, [2013-12-25T13:31:54.182008 #2664]  INFO -- : 0:  bubble-wrap (1.4.0) from /Users/kristian/.gem/ruby/2.0.0/specifications/bubble-wrap-1.4.0.gemspec
I, [2013-12-25T13:31:55.330310 #2664]  INFO -- : 0:  motion-require (0.0.7) from /Users/kristian/.gem/ruby/2.0.0/specifications/motion-require-0.0.7.gemspec
I, [2013-12-25T13:31:55.723343 #2664]  INFO -- : 0:  motion-support (0.2.5) from /Users/kristian/.gem/ruby/2.0.0/specifications/motion-support-0.2.5.gemspec
I, [2013-12-25T13:31:56.065773 #2664]  INFO -- : 0:  motion_model (0.5.0) from /Users/kristian/.gem/ruby/2.0.0/specifications/motion_model-0.5.0.gemspec
I, [2013-12-25T16:37:02.641006 #44661]  INFO -- : 0:  rake (10.1.1) from /Users/kristian/.gem/ruby/2.0.0/specifications/rake-10.1.1.gemspec
I, [2013-12-25T16:37:02.641381 #44661]  INFO -- : 0:  bundler (1.5.0.rc.2) from /Users/kristian/.gem/ruby/2.0.0/specifications/bundler-1.5.0.rc.2.gemspec
I, [2013-12-25T16:37:02.642290 #44661]  INFO -- : 0:  methadone (1.3.1) from /Users/kristian/.gem/ruby/2.0.0/specifications/methadone-1.3.1.gemspec
I, [2013-12-25T16:37:02.642921 #44661]  INFO -- : 0:  ProMotion (1.1.1) from /Users/kristian/.gem/ruby/2.0.0/specifications/ProMotion-1.1.1.gemspec
I, [2013-12-25T16:37:02.643486 #44661]  INFO -- : 0:  bubble-wrap (1.4.0) from /Users/kristian/.gem/ruby/2.0.0/specifications/bubble-wrap-1.4.0.gemspec
I, [2013-12-25T16:37:02.644778 #44661]  INFO -- : 0:  motion-require (0.0.7) from /Users/kristian/.gem/ruby/2.0.0/specifications/motion-require-0.0.7.gemspec
I, [2013-12-25T16:37:02.645372 #44661]  INFO -- : 0:  motion-support (0.2.5) from /Users/kristian/.gem/ruby/2.0.0/specifications/motion-support-0.2.5.gemspec
I, [2013-12-25T16:37:02.645756 #44661]  INFO -- : 0:  motion_model (0.5.0) from /Users/kristian/.gem/ruby/2.0.0/specifications/motion_model-0.5.0.gemspec
I, [2013-12-25T16:58:35.117999 #49830]  INFO -- : 0:  rake (10.1.1) from /Users/kristian/.gem/ruby/2.0.0/specifications/rake-10.1.1.gemspec
I, [2013-12-25T16:58:35.118302 #49830]  INFO -- : 0:  bundler (1.5.0.rc.2) from /Users/kristian/.gem/ruby/2.0.0/specifications/bundler-1.5.0.rc.2.gemspec
I, [2013-12-25T16:58:35.118503 #49830]  INFO -- : 0:  methadone (1.3.1) from /Users/kristian/.gem/ruby/2.0.0/specifications/methadone-1.3.1.gemspec
I, [2013-12-25T16:58:35.118698 #49830]  INFO -- : 0:  ProMotion (1.1.1) from /Users/kristian/.gem/ruby/2.0.0/specifications/ProMotion-1.1.1.gemspec
I, [2013-12-25T16:58:35.118890 #49830]  INFO -- : 0:  i18n (0.6.9) from /Users/kristian/.gem/ruby/2.0.0/specifications/i18n-0.6.9.gemspec
I, [2013-12-25T16:58:35.119078 #49830]  INFO -- : 0:  multi_json (1.8.2) from /Users/kristian/.gem/ruby/2.0.0/specifications/multi_json-1.8.2.gemspec
I, [2013-12-25T16:58:36.169573 #49830]  INFO -- : 0:  activesupport (3.2.16) from /Users/kristian/.gem/ruby/2.0.0/specifications/activesupport-3.2.16.gemspec
I, [2013-12-25T16:58:36.169929 #49830]  INFO -- : 0:  bubble-wrap (1.4.0) from /Users/kristian/.gem/ruby/2.0.0/specifications/bubble-wrap-1.4.0.gemspec
I, [2013-12-25T16:58:36.508399 #49830]  INFO -- : 0:  claide (0.4.0) from /Users/kristian/.gem/ruby/2.0.0/specifications/claide-0.4.0.gemspec
I, [2013-12-25T16:58:36.956311 #49830]  INFO -- : 0:  fuzzy_match (2.0.4) from /Users/kristian/.gem/ruby/2.0.0/specifications/fuzzy_match-2.0.4.gemspec
I, [2013-12-25T16:58:37.430622 #49830]  INFO -- : 0:  json_pure (1.8.1) from /Users/kristian/.gem/ruby/2.0.0/specifications/json_pure-1.8.1.gemspec
I, [2013-12-25T16:58:38.015968 #49830]  INFO -- : 0:  nap (0.6.0) from /Users/kristian/.gem/ruby/2.0.0/specifications/nap-0.6.0.gemspec
I, [2013-12-25T16:58:38.469984 #49830]  INFO -- : 0:  cocoapods-core (0.29.0) from /Users/kristian/.gem/ruby/2.0.0/specifications/cocoapods-core-0.29.0.gemspec
I, [2013-12-25T16:58:38.775745 #49830]  INFO -- : 0:  cocoapods-downloader (0.3.0) from /Users/kristian/.gem/ruby/2.0.0/specifications/cocoapods-downloader-0.3.0.gemspec
I, [2013-12-25T16:58:39.065116 #49830]  INFO -- : 0:  cocoapods-try-release-fix (0.1.1) from /Users/kristian/.gem/ruby/2.0.0/specifications/cocoapods-try-release-fix-0.1.1.gemspec
I, [2013-12-25T16:58:39.583926 #49830]  INFO -- : 0:  colored (1.2) from /Users/kristian/.gem/ruby/2.0.0/specifications/colored-1.2.gemspec
I, [2013-12-25T16:58:40.191901 #49830]  INFO -- : 0:  escape (0.0.4) from /Users/kristian/.gem/ruby/2.0.0/specifications/escape-0.0.4.gemspec
I, [2013-12-25T16:58:40.845539 #49830]  INFO -- : 0:  open4 (1.3.0) from /Users/kristian/.gem/ruby/2.0.0/specifications/open4-1.3.0.gemspec
I, [2013-12-25T16:58:41.839329 #49830]  INFO -- : 0:  xcodeproj (0.14.1) from /Users/kristian/.gem/ruby/2.0.0/specifications/xcodeproj-0.14.1.gemspec
I, [2013-12-25T16:58:42.966992 #49830]  INFO -- : 0:  cocoapods (0.29.0) from /Users/kristian/.gem/ruby/2.0.0/specifications/cocoapods-0.29.0.gemspec
I, [2013-12-25T16:58:43.272242 #49830]  INFO -- : 0:  motion-cocoapods (1.4.0) from /Users/kristian/.gem/ruby/2.0.0/specifications/motion-cocoapods-1.4.0.gemspec
I, [2013-12-25T16:58:43.272594 #49830]  INFO -- : 0:  motion-require (0.0.7) from /Users/kristian/.gem/ruby/2.0.0/specifications/motion-require-0.0.7.gemspec
I, [2013-12-25T16:58:43.272892 #49830]  INFO -- : 0:  motion-support (0.2.5) from /Users/kristian/.gem/ruby/2.0.0/specifications/motion-support-0.2.5.gemspec
I, [2013-12-25T16:58:43.273193 #49830]  INFO -- : 0:  motion_model (0.5.0) from /Users/kristian/.gem/ruby/2.0.0/specifications/motion_model-0.5.0.gemspec
I, [2013-12-26T11:53:09.358878 #59416]  INFO -- : 0:  rake (10.1.1) from /Users/kristian/.gem/ruby/2.0.0/specifications/rake-10.1.1.gemspec
I, [2013-12-26T11:53:09.359564 #59416]  INFO -- : 0:  bundler (1.5.0.rc.2) from /Users/kristian/.gem/ruby/2.0.0/specifications/bundler-1.5.0.rc.2.gemspec
I, [2013-12-26T11:53:09.359761 #59416]  INFO -- : 0:  methadone (1.3.1) from /Users/kristian/.gem/ruby/2.0.0/specifications/methadone-1.3.1.gemspec
I, [2013-12-26T11:53:09.359929 #59416]  INFO -- : 0:  ProMotion (1.1.1) from /Users/kristian/.gem/ruby/2.0.0/specifications/ProMotion-1.1.1.gemspec
I, [2013-12-26T11:53:09.360110 #59416]  INFO -- : 0:  i18n (0.6.9) from /Users/kristian/.gem/ruby/2.0.0/specifications/i18n-0.6.9.gemspec
I, [2013-12-26T11:53:09.360278 #59416]  INFO -- : 0:  multi_json (1.8.2) from /Users/kristian/.gem/ruby/2.0.0/specifications/multi_json-1.8.2.gemspec
I, [2013-12-26T11:53:09.360467 #59416]  INFO -- : 0:  activesupport (3.2.16) from /Users/kristian/.gem/ruby/2.0.0/specifications/activesupport-3.2.16.gemspec
I, [2013-12-26T11:53:09.360638 #59416]  INFO -- : 0:  claide (0.4.0) from /Users/kristian/.gem/ruby/2.0.0/specifications/claide-0.4.0.gemspec
I, [2013-12-26T11:53:09.360809 #59416]  INFO -- : 0:  fuzzy_match (2.0.4) from /Users/kristian/.gem/ruby/2.0.0/specifications/fuzzy_match-2.0.4.gemspec
I, [2013-12-26T11:53:09.360986 #59416]  INFO -- : 0:  json_pure (1.8.1) from /Users/kristian/.gem/ruby/2.0.0/specifications/json_pure-1.8.1.gemspec
I, [2013-12-26T11:53:09.361150 #59416]  INFO -- : 0:  nap (0.6.0) from /Users/kristian/.gem/ruby/2.0.0/specifications/nap-0.6.0.gemspec
I, [2013-12-26T11:53:09.361356 #59416]  INFO -- : 0:  cocoapods-core (0.29.0) from /Users/kristian/.gem/ruby/2.0.0/specifications/cocoapods-core-0.29.0.gemspec
I, [2013-12-26T11:53:09.361529 #59416]  INFO -- : 0:  cocoapods-downloader (0.3.0) from /Users/kristian/.gem/ruby/2.0.0/specifications/cocoapods-downloader-0.3.0.gemspec
I, [2013-12-26T11:53:09.361700 #59416]  INFO -- : 0:  cocoapods-try-release-fix (0.1.1) from /Users/kristian/.gem/ruby/2.0.0/specifications/cocoapods-try-release-fix-0.1.1.gemspec
I, [2013-12-26T11:53:09.361866 #59416]  INFO -- : 0:  colored (1.2) from /Users/kristian/.gem/ruby/2.0.0/specifications/colored-1.2.gemspec
I, [2013-12-26T11:53:09.362035 #59416]  INFO -- : 0:  escape (0.0.4) from /Users/kristian/.gem/ruby/2.0.0/specifications/escape-0.0.4.gemspec
I, [2013-12-26T11:53:09.362201 #59416]  INFO -- : 0:  open4 (1.3.0) from /Users/kristian/.gem/ruby/2.0.0/specifications/open4-1.3.0.gemspec
I, [2013-12-26T11:53:09.362369 #59416]  INFO -- : 0:  xcodeproj (0.14.1) from /Users/kristian/.gem/ruby/2.0.0/specifications/xcodeproj-0.14.1.gemspec
I, [2013-12-26T11:53:09.362537 #59416]  INFO -- : 0:  cocoapods (0.29.0) from /Users/kristian/.gem/ruby/2.0.0/specifications/cocoapods-0.29.0.gemspec
I, [2013-12-26T11:53:09.362708 #59416]  INFO -- : 0:  motion-cocoapods (1.4.0) from /Users/kristian/.gem/ruby/2.0.0/specifications/motion-cocoapods-1.4.0.gemspec
I, [2013-12-26T11:53:09.362880 #59416]  INFO -- : 0:  motion-require (0.0.7) from /Users/kristian/.gem/ruby/2.0.0/specifications/motion-require-0.0.7.gemspec
I, [2013-12-26T11:53:09.914169 #59416]  INFO -- : 0:  afmotion (2.0.0) from /Users/kristian/.gem/ruby/2.0.0/specifications/afmotion-2.0.0.gemspec
I, [2013-12-26T11:53:09.914451 #59416]  INFO -- : 0:  bubble-wrap (1.4.0) from /Users/kristian/.gem/ruby/2.0.0/specifications/bubble-wrap-1.4.0.gemspec
I, [2013-12-26T11:53:09.914642 #59416]  INFO -- : 0:  motion-support (0.2.5) from /Users/kristian/.gem/ruby/2.0.0/specifications/motion-support-0.2.5.gemspec
I, [2013-12-26T11:53:09.914822 #59416]  INFO -- : 0:  motion_model (0.5.0) from /Users/kristian/.gem/ruby/2.0.0/specifications/motion_model-0.5.0.gemspec
I, [2013-12-26T12:19:33.390116 #66650]  INFO -- : 0:  rake (10.1.1) from /Users/kristian/.gem/ruby/2.0.0/specifications/rake-10.1.1.gemspec
I, [2013-12-26T12:19:33.390431 #66650]  INFO -- : 0:  bundler (1.5.0.rc.2) from /Users/kristian/.gem/ruby/2.0.0/specifications/bundler-1.5.0.rc.2.gemspec
I, [2013-12-26T12:19:33.390638 #66650]  INFO -- : 0:  methadone (1.3.1) from /Users/kristian/.gem/ruby/2.0.0/specifications/methadone-1.3.1.gemspec
I, [2013-12-26T12:19:33.390808 #66650]  INFO -- : 0:  ProMotion (1.1.1) from /Users/kristian/.gem/ruby/2.0.0/specifications/ProMotion-1.1.1.gemspec
I, [2013-12-26T12:19:33.390985 #66650]  INFO -- : 0:  bubble-wrap (1.4.0) from /Users/kristian/.gem/ruby/2.0.0/specifications/bubble-wrap-1.4.0.gemspec
I, [2013-12-26T12:19:33.391164 #66650]  INFO -- : 0:  motion-require (0.0.7) from /Users/kristian/.gem/ruby/2.0.0/specifications/motion-require-0.0.7.gemspec
I, [2013-12-26T12:19:33.391345 #66650]  INFO -- : 0:  motion-support (0.2.5) from /Users/kristian/.gem/ruby/2.0.0/specifications/motion-support-0.2.5.gemspec
I, [2013-12-26T12:19:33.391516 #66650]  INFO -- : 0:  motion_model (0.5.0) from /Users/kristian/.gem/ruby/2.0.0/specifications/motion_model-0.5.0.gemspec
